1610689117107	geckodriver	INFO	Listening on 127.0.0.1:57281
1610689120132	mozrunner::runner	INFO	Running command: "C:\\Program Files (x86)\\Mozilla Firefox\\firefox.exe" "--marionette" "-foreground" "-no-remote" "-profile" "C:\\Users\\CTEA\\AppData\\Local\\Temp\\rust_mozprofileypCjLW"
console.warn: SearchSettings: "get: No settings file exists, new profile?" (new Error("", "(unknown module)"))
1610689124265	Marionette	INFO	Listening on port 57307
1610689124491	Marionette	WARN	TLS certificate errors will be ignored for this session
1610689124522	Marionette	ERROR	[17] No reply from Marionette:Register
console.warn: SearchSettings: "get: No settings file exists, new profile?" (new Error("", "(unknown module)"))
JavaScript error: https://www.static-jcpenney.com/prod4/yoda-site-components/2018.0.18/dll/site_components.client.dll.js, line 1: TypeError: e is undefined
1610689139811	Marionette	WARN	TimedPromise timed out after 500 ms: stacktrace:
TimedPromise/<@chrome://marionette/content/sync.js:235:19
TimedPromise@chrome://marionette/content/sync.js:220:10
interaction.flushEventLoop@chrome://marionette/content/interaction.js:418:10
webdriverClickElement@chrome://marionette/content/interaction.js:179:31
1610689147253	Marionette	WARN	TimedPromise timed out after 500 ms: stacktrace:
TimedPromise/<@chrome://marionette/content/sync.js:235:19
TimedPromise@chrome://marionette/content/sync.js:220:10
interaction.flushEventLoop@chrome://marionette/content/interaction.js:418:10
webdriverClickElement@chrome://marionette/content/interaction.js:179:31
c@https://cdn.quantummetric.com/qscripts/quantum-jcp.js:171:210
send@https://code.jquery.com/jquery-3.4.1.min.js:2:81476
ajax@https://code.jquery.com/jquery-3.4.1.min.js:2:77295
postOfferRecord@https://content-jcp.getmetrical.com/js/metrical.abandon.cart.js:1:107212
saveStateAndSync@https://content-jcp.getmetrical.com/js/metrical.abandon.cart.js:1:115330
executeEngagementLoop/</<@https://content-jcp.getmetrical.com/js/metrical.abandon.cart.js:1:113461
jf/Promise.prototype.then/<@https://cdn.quantummetric.com/qscripts/quantum-jcp.js:168:179
JavaScript error: resource://activity-stream/lib/ASRouter.jsm, line 987: NS_ERROR_ILLEGAL_VALUE: Component returned failure code: 0x80070057 (NS_ERROR_ILLEGAL_VALUE) [nsIObserverService.removeObserver]
1610692052879	Marionette	INFO	Stopped listening on port 57307

###!!! [Child][RunMessage] Error: Channel closing: too late to send/recv, messages will be lost

