1610779024536	geckodriver	INFO	Listening on 127.0.0.1:50034
1610779027538	mozrunner::runner	INFO	Running command: "C:\\Program Files (x86)\\Mozilla Firefox\\firefox.exe" "--marionette" "-foreground" "-no-remote" "-profile" "C:\\Users\\CTEA\\AppData\\Local\\Temp\\rust_mozprofilei8bd6R"
console.warn: SearchSettings: "get: No settings file exists, new profile?" (new Error("", "(unknown module)"))
1610779031896	Marionette	INFO	Listening on port 50044
1610779032321	Marionette	WARN	TLS certificate errors will be ignored for this session
1610779032428	Marionette	ERROR	[17] No reply from Marionette:Register
JavaScript error: https://sb.monetate.net/img/1/388/3250036.js, line 80: TypeError: MutationObserver.observe: Argument 1 is not an object.
JavaScript error: https://tags.tiqcdn.com/utag/rccl/gdp/prod/utag.538.js?utv=ut4.46.201910101911, line 5: ReferenceError: KAMPYLE_ONSITE_SDK is not defined
JavaScript error: , line 0: NotFoundError: No such JSWindowActor 'MarionetteEvents'
JavaScript error: , line 0: NotFoundError: No such JSWindowActor 'MarionetteEvents'
JavaScript error: , line 0: NotFoundError: No such JSWindowActor 'MarionetteEvents'
JavaScript error: , line 0: NotFoundError: No such JSWindowActor 'MarionetteEvents'
1610779051110	Marionette	WARN	Ignoring event 'DOMContentLoaded' because document has an invalid readyState of 'complete'.
1610779051141	Marionette	WARN	Ignoring event 'DOMContentLoaded' because document has an invalid readyState of 'complete'.
1610779051323	Marionette	WARN	TimedPromise timed out after 500 ms: stacktrace:
TimedPromise/<@chrome://marionette/content/sync.js:235:19
TimedPromise@chrome://marionette/content/sync.js:220:10
interaction.flushEventLoop@chrome://marionette/content/interaction.js:418:10
webdriverClickElement@chrome://marionette/content/interaction.js:179:31
JavaScript error: https://s.pinimg.com/ct/lib/main.2a04f3ee.js, line 1: NS_ERROR_FAILURE: 
JavaScript error: https://s.pinimg.com/ct/lib/main.2a04f3ee.js, line 1: NS_ERROR_FAILURE: 
JavaScript error: https://nebula-cdn.kampyle.com/resources/onsite/js/cool-2.1.15.min.js, line 11: NS_ERROR_FAILURE: 
1610779209526	Marionette	INFO	Stopped listening on port 50044

###!!! [Child][RunMessage] Error: Channel closing: too late to send/recv, messages will be lost

